Post Processor Report
OrCAD FILE: C:\MYWORKS\HOMELIGHTING\02_HW\HOMELIGHTING.MAX
Sun Aug 01 18:06:19 2010

*********************************************************

Output file: C:\MYWORKS\HOMELIGHTING\02_HW\HOMELIGHTING.TOP

Aperture totals for C:\MYWORKS\HOMELIGHTING\02_HW\HOMELIGHTING.TOP:
---------------------------------------------------------
D10:  0.0600 ROUND  --       0 Draws,      32 Flashes
D11:  0.0700 x 0.0500 RECTANGLE -----      12 Flashes
D12:  0.0600 SQUARE --       0 Draws,      14 Flashes
D13:  0.0480 x 0.0860 RECTANGLE -----       2 Flashes
D14:  0.0500 x 0.0700 RECTANGLE -----       2 Flashes
D15:  0.0760 x 0.0480 RECTANGLE -----       8 Flashes
D16:  0.0620 ROUND  --       0 Draws,      73 Flashes
D17:  0.0620 SQUARE --       0 Draws,       1 Flashes
D18:  0.1200 ROUND  --       0 Draws,       4 Flashes
D19:  0.0580 ROUND  --       0 Draws,      24 Flashes
D20:  0.0580 SQUARE --       0 Draws,      12 Flashes
D21:  0.0750 ROUND  --       0 Draws,      10 Flashes
D22:  0.0750 SQUARE --       0 Draws,       5 Flashes
D23:  0.0500 SQUARE --       0 Draws,      38 Flashes
D24:  0.0180 x 0.0700 OBLONG    -----      20 Flashes
D25:  0.0180 x 0.0700 RECTANGLE -----       2 Flashes
D26:  0.0700 x 0.0180 OBLONG    -----      19 Flashes
D27:  0.0700 x 0.0180 RECTANGLE -----       3 Flashes
D28:  0.0400 ROUND  --       0 Draws,      27 Flashes
D29:  0.0260 ROUND  --     480 Draws,       0 Flashes
D30:  0.0010 ROUND  --     888 Draws,       0 Flashes
D31:  0.0120 ROUND  --     312 Draws,       0 Flashes
D32:  0.0180 ROUND  --     390 Draws,       0 Flashes
D33:  0.0400 ROUND  --       0 Draws,      37 Flashes
D34:  0.0600 ROUND  --      48 Draws,       0 Flashes
D35:  0.0080 ROUND  --     136 Draws,       0 Flashes
D36:  0.0800 ROUND  --      22 Draws,       0 Flashes
D37:  0.0320 ROUND  --      22 Draws,       0 Flashes
D38:  0.0400 ROUND  --      19 Draws,       0 Flashes
D39:  0.0060 ROUND  --      13 Draws,       0 Flashes
---------------------------------------------------------
 30 D-Codes      -----    2330 Draws,     345 Flashes

*********************************************************

Output file: C:\MYWORKS\HOMELIGHTING\02_HW\HOMELIGHTING.BOT

Aperture totals for C:\MYWORKS\HOMELIGHTING\02_HW\HOMELIGHTING.BOT:
---------------------------------------------------------
D10:  0.0600 ROUND  --       0 Draws,      32 Flashes
D16:  0.0620 ROUND  --       0 Draws,      74 Flashes
D18:  0.1200 ROUND  --       0 Draws,       4 Flashes
D19:  0.0580 ROUND  --       0 Draws,      24 Flashes
D20:  0.0580 SQUARE --       0 Draws,      12 Flashes
D21:  0.0750 ROUND  --       0 Draws,      10 Flashes
D22:  0.0750 SQUARE --       0 Draws,       5 Flashes
D28:  0.0400 ROUND  --       0 Draws,      27 Flashes
D29:  0.0260 ROUND  --     480 Draws,       0 Flashes
D31:  0.0120 ROUND  --     167 Draws,       0 Flashes
D32:  0.0180 ROUND  --     242 Draws,       0 Flashes
D33:  0.0400 ROUND  --       0 Draws,      37 Flashes
D34:  0.0600 ROUND  --      30 Draws,       0 Flashes
D35:  0.0080 ROUND  --       4 Draws,       0 Flashes
D36:  0.0800 ROUND  --       9 Draws,       0 Flashes
D37:  0.0320 ROUND  --      72 Draws,       0 Flashes
---------------------------------------------------------
 16 D-Codes      -----    1004 Draws,     225 Flashes

*********************************************************

Output file: C:\MYWORKS\HOMELIGHTING\02_HW\HOMELIGHTING.SMT

Aperture totals for C:\MYWORKS\HOMELIGHTING\02_HW\HOMELIGHTING.SMT:
---------------------------------------------------------
D10:  0.0600 ROUND  --       0 Draws,      32 Flashes
D12:  0.0600 SQUARE --       0 Draws,       2 Flashes
D13:  0.0480 x 0.0860 RECTANGLE -----       2 Flashes
D15:  0.0760 x 0.0480 RECTANGLE -----       8 Flashes
D17:  0.0620 SQUARE --       0 Draws,      38 Flashes
D19:  0.0580 ROUND  --       0 Draws,      24 Flashes
D20:  0.0580 SQUARE --       0 Draws,      12 Flashes
D21:  0.0750 ROUND  --       0 Draws,      10 Flashes
D22:  0.0750 SQUARE --       0 Draws,       5 Flashes
D24:  0.0180 x 0.0700 OBLONG    -----      20 Flashes
D25:  0.0180 x 0.0700 RECTANGLE -----       2 Flashes
D26:  0.0700 x 0.0180 OBLONG    -----      19 Flashes
D27:  0.0700 x 0.0180 RECTANGLE -----       3 Flashes
D30:  0.0010 ROUND  --     888 Draws,       0 Flashes
D35:  0.0080 ROUND  --    1691 Draws,       0 Flashes
D40:  0.0750 x 0.0550 RECTANGLE -----      12 Flashes
D41:  0.0550 x 0.0750 RECTANGLE -----       2 Flashes
D42:  0.0670 ROUND  --       0 Draws,      73 Flashes
D43:  0.0670 SQUARE --       0 Draws,       1 Flashes
D44:  0.1250 ROUND  --       0 Draws,       4 Flashes
D45:  0.0720 SQUARE --       0 Draws,      12 Flashes
D46:  0.0420 ROUND  --       0 Draws,      27 Flashes
D47:  0.0420 ROUND  --       0 Draws,      37 Flashes
---------------------------------------------------------
 23 D-Codes      -----    2579 Draws,     345 Flashes

*********************************************************

Output file: C:\MYWORKS\HOMELIGHTING\02_HW\HOMELIGHTING.SMB

Aperture totals for C:\MYWORKS\HOMELIGHTING\02_HW\HOMELIGHTING.SMB:
---------------------------------------------------------
D10:  0.0600 ROUND  --       0 Draws,      32 Flashes
D19:  0.0580 ROUND  --       0 Draws,      24 Flashes
D20:  0.0580 SQUARE --       0 Draws,      12 Flashes
D21:  0.0750 ROUND  --       0 Draws,      10 Flashes
D22:  0.0750 SQUARE --       0 Draws,       5 Flashes
D35:  0.0080 ROUND  --     538 Draws,       0 Flashes
D42:  0.0670 ROUND  --       0 Draws,      74 Flashes
D44:  0.1250 ROUND  --       0 Draws,       4 Flashes
D46:  0.0420 ROUND  --       0 Draws,      27 Flashes
D47:  0.0420 ROUND  --       0 Draws,      37 Flashes
---------------------------------------------------------
 10 D-Codes      -----     538 Draws,     225 Flashes

*********************************************************

Output file: C:\MYWORKS\HOMELIGHTING\02_HW\HOMELIGHTING.SST

Aperture totals for C:\MYWORKS\HOMELIGHTING\02_HW\HOMELIGHTING.SST:
---------------------------------------------------------
D30:  0.0010 ROUND  --      80 Draws,       0 Flashes
D35:  0.0080 ROUND  --      97 Draws,       0 Flashes
D39:  0.0060 ROUND  --    1474 Draws,       0 Flashes
D48:  0.0100 ROUND  --      15 Draws,       0 Flashes
---------------------------------------------------------
  4 D-Codes      -----    1666 Draws,       0 Flashes

*********************************************************

Output file: C:\MYWORKS\HOMELIGHTING\02_HW\HOMELIGHTING.DRD

Aperture totals for C:\MYWORKS\HOMELIGHTING\02_HW\HOMELIGHTING.DRD:
---------------------------------------------------------
D48:  0.0100 ROUND  --    1577 Draws,       0 Flashes
D49:  0.0079 ROUND  --       4 Draws,       0 Flashes
---------------------------------------------------------
  2 D-Codes      -----    1581 Draws,       0 Flashes

*********************************************************

Output file: C:\MYWORKS\HOMELIGHTING\02_HW\HOMELIGHTING.FAB

Aperture totals for C:\MYWORKS\HOMELIGHTING\02_HW\HOMELIGHTING.FAB:
---------------------------------------------------------
D35:  0.0080 ROUND  --     192 Draws,       0 Flashes
D48:  0.0100 ROUND  --    1577 Draws,       0 Flashes
D50:  0.0050 ROUND  --    1826 Draws,       0 Flashes
---------------------------------------------------------
  3 D-Codes      -----    3595 Draws,       0 Flashes


*********************************************************

Aperture totals for entire project:
---------------------------------------------------------
D10:  0.0600 ROUND  --       0 Draws,     128 Flashes
D11:  0.0700 x 0.0500 RECTANGLE -----      12 Flashes
D12:  0.0600 SQUARE --       0 Draws,      16 Flashes
D13:  0.0480 x 0.0860 RECTANGLE -----       4 Flashes
D14:  0.0500 x 0.0700 RECTANGLE -----       2 Flashes
D15:  0.0760 x 0.0480 RECTANGLE -----      16 Flashes
D16:  0.0620 ROUND  --       0 Draws,     147 Flashes
D17:  0.0620 SQUARE --       0 Draws,      39 Flashes
D18:  0.1200 ROUND  --       0 Draws,       8 Flashes
D19:  0.0580 ROUND  --       0 Draws,      96 Flashes
D20:  0.0580 SQUARE --       0 Draws,      48 Flashes
D21:  0.0750 ROUND  --       0 Draws,      40 Flashes
D22:  0.0750 SQUARE --       0 Draws,      20 Flashes
D23:  0.0500 SQUARE --       0 Draws,      38 Flashes
D24:  0.0180 x 0.0700 OBLONG    -----      40 Flashes
D25:  0.0180 x 0.0700 RECTANGLE -----       4 Flashes
D26:  0.0700 x 0.0180 OBLONG    -----      38 Flashes
D27:  0.0700 x 0.0180 RECTANGLE -----       6 Flashes
D28:  0.0400 ROUND  --       0 Draws,      54 Flashes
D29:  0.0260 ROUND  --     960 Draws,       0 Flashes
D30:  0.0010 ROUND  --    1856 Draws,       0 Flashes
D31:  0.0120 ROUND  --     479 Draws,       0 Flashes
D32:  0.0180 ROUND  --     632 Draws,       0 Flashes
D33:  0.0400 ROUND  --       0 Draws,      74 Flashes
D34:  0.0600 ROUND  --      78 Draws,       0 Flashes
D35:  0.0080 ROUND  --    2658 Draws,       0 Flashes
D36:  0.0800 ROUND  --      31 Draws,       0 Flashes
D37:  0.0320 ROUND  --      94 Draws,       0 Flashes
D38:  0.0400 ROUND  --      19 Draws,       0 Flashes
D39:  0.0060 ROUND  --    1487 Draws,       0 Flashes
D40:  0.0750 x 0.0550 RECTANGLE -----      12 Flashes
D41:  0.0550 x 0.0750 RECTANGLE -----       2 Flashes
D42:  0.0670 ROUND  --       0 Draws,     147 Flashes
D43:  0.0670 SQUARE --       0 Draws,       1 Flashes
D44:  0.1250 ROUND  --       0 Draws,       8 Flashes
D45:  0.0720 SQUARE --       0 Draws,      12 Flashes
D46:  0.0420 ROUND  --       0 Draws,      54 Flashes
D47:  0.0420 ROUND  --       0 Draws,      74 Flashes
D48:  0.0100 ROUND  --    3169 Draws,       0 Flashes
D49:  0.0079 ROUND  --       4 Draws,       0 Flashes
D50:  0.0050 ROUND  --    1826 Draws,       0 Flashes
---------------------------------------------------------
 41 D-Codes      -----   13293 Draws,    1140 Flashes


No warnings or errors.
